ARM GAS  /tmp/ccZFU8RD.s 			page 1


   1              		.cpu cortex-m3
   2              		.eabi_attribute 20, 1
   3              		.eabi_attribute 21, 1
   4              		.eabi_attribute 23, 3
   5              		.eabi_attribute 24, 1
   6              		.eabi_attribute 25, 1
   7              		.eabi_attribute 26, 1
   8              		.eabi_attribute 30, 1
   9              		.eabi_attribute 34, 1
  10              		.eabi_attribute 18, 4
  11              		.file	"gpio.c"
  12              		.text
  13              	.Ltext0:
  14              		.cfi_sections	.debug_frame
  15              		.section	.text.MX_GPIO_Init,"ax",%progbits
  16              		.align	1
  17              		.global	MX_GPIO_Init
  18              		.arch armv7-m
  19              		.syntax unified
  20              		.thumb
  21              		.thumb_func
  22              		.fpu softvfp
  24              	MX_GPIO_Init:
  25              	.LFB65:
  26              		.file 1 "Src/gpio.c"
   1:Src/gpio.c    **** /* USER CODE BEGIN Header */
   2:Src/gpio.c    **** /**
   3:Src/gpio.c    ****   ******************************************************************************
   4:Src/gpio.c    ****   * @file    gpio.c
   5:Src/gpio.c    ****   * @brief   This file provides code for the configuration
   6:Src/gpio.c    ****   *          of all used GPIO pins.
   7:Src/gpio.c    ****   ******************************************************************************
   8:Src/gpio.c    ****   * @attention
   9:Src/gpio.c    ****   *
  10:Src/gpio.c    ****   * Copyright (c) 2023 STMicroelectronics.
  11:Src/gpio.c    ****   * All rights reserved.
  12:Src/gpio.c    ****   *
  13:Src/gpio.c    ****   * This software is licensed under terms that can be found in the LICENSE file
  14:Src/gpio.c    ****   * in the root directory of this software component.
  15:Src/gpio.c    ****   * If no LICENSE file comes with this software, it is provided AS-IS.
  16:Src/gpio.c    ****   *
  17:Src/gpio.c    ****   ******************************************************************************
  18:Src/gpio.c    ****   */
  19:Src/gpio.c    **** /* USER CODE END Header */
  20:Src/gpio.c    **** 
  21:Src/gpio.c    **** /* Includes ------------------------------------------------------------------*/
  22:Src/gpio.c    **** #include "gpio.h"
  23:Src/gpio.c    **** 
  24:Src/gpio.c    **** /* USER CODE BEGIN 0 */
  25:Src/gpio.c    **** 
  26:Src/gpio.c    **** /* USER CODE END 0 */
  27:Src/gpio.c    **** 
  28:Src/gpio.c    **** /*----------------------------------------------------------------------------*/
  29:Src/gpio.c    **** /* Configure GPIO                                                             */
  30:Src/gpio.c    **** /*----------------------------------------------------------------------------*/
  31:Src/gpio.c    **** /* USER CODE BEGIN 1 */
  32:Src/gpio.c    **** 
ARM GAS  /tmp/ccZFU8RD.s 			page 2


  33:Src/gpio.c    **** /* USER CODE END 1 */
  34:Src/gpio.c    **** 
  35:Src/gpio.c    **** /** Configure pins as
  36:Src/gpio.c    ****         * Analog
  37:Src/gpio.c    ****         * Input
  38:Src/gpio.c    ****         * Output
  39:Src/gpio.c    ****         * EVENT_OUT
  40:Src/gpio.c    ****         * EXTI
  41:Src/gpio.c    **** */
  42:Src/gpio.c    **** void MX_GPIO_Init(void)
  43:Src/gpio.c    **** {
  27              		.loc 1 43 1 view -0
  28              		.cfi_startproc
  29              		@ args = 0, pretend = 0, frame = 32
  30              		@ frame_needed = 0, uses_anonymous_args = 0
  31 0000 2DE9F043 		push	{r4, r5, r6, r7, r8, r9, lr}
  32              	.LCFI0:
  33              		.cfi_def_cfa_offset 28
  34              		.cfi_offset 4, -28
  35              		.cfi_offset 5, -24
  36              		.cfi_offset 6, -20
  37              		.cfi_offset 7, -16
  38              		.cfi_offset 8, -12
  39              		.cfi_offset 9, -8
  40              		.cfi_offset 14, -4
  41 0004 89B0     		sub	sp, sp, #36
  42              	.LCFI1:
  43              		.cfi_def_cfa_offset 64
  44:Src/gpio.c    **** 
  45:Src/gpio.c    ****   GPIO_InitTypeDef GPIO_InitStruct = {0};
  44              		.loc 1 45 3 view .LVU1
  45              		.loc 1 45 20 is_stmt 0 view .LVU2
  46 0006 0024     		movs	r4, #0
  47 0008 0494     		str	r4, [sp, #16]
  48 000a 0594     		str	r4, [sp, #20]
  49 000c 0694     		str	r4, [sp, #24]
  50 000e 0794     		str	r4, [sp, #28]
  46:Src/gpio.c    **** 
  47:Src/gpio.c    ****   /* GPIO Ports Clock Enable */
  48:Src/gpio.c    ****   __HAL_RCC_GPIOE_CLK_ENABLE();
  51              		.loc 1 48 3 is_stmt 1 view .LVU3
  52              	.LBB2:
  53              		.loc 1 48 3 view .LVU4
  54              		.loc 1 48 3 view .LVU5
  55 0010 254B     		ldr	r3, .L3
  56 0012 9A69     		ldr	r2, [r3, #24]
  57 0014 42F04002 		orr	r2, r2, #64
  58 0018 9A61     		str	r2, [r3, #24]
  59              		.loc 1 48 3 view .LVU6
  60 001a 9A69     		ldr	r2, [r3, #24]
  61 001c 02F04002 		and	r2, r2, #64
  62 0020 0092     		str	r2, [sp]
  63              		.loc 1 48 3 view .LVU7
  64 0022 009A     		ldr	r2, [sp]
  65              	.LBE2:
  66              		.loc 1 48 3 view .LVU8
  49:Src/gpio.c    ****   __HAL_RCC_GPIOC_CLK_ENABLE();
ARM GAS  /tmp/ccZFU8RD.s 			page 3


  67              		.loc 1 49 3 view .LVU9
  68              	.LBB3:
  69              		.loc 1 49 3 view .LVU10
  70              		.loc 1 49 3 view .LVU11
  71 0024 9A69     		ldr	r2, [r3, #24]
  72 0026 42F01002 		orr	r2, r2, #16
  73 002a 9A61     		str	r2, [r3, #24]
  74              		.loc 1 49 3 view .LVU12
  75 002c 9A69     		ldr	r2, [r3, #24]
  76 002e 02F01002 		and	r2, r2, #16
  77 0032 0192     		str	r2, [sp, #4]
  78              		.loc 1 49 3 view .LVU13
  79 0034 019A     		ldr	r2, [sp, #4]
  80              	.LBE3:
  81              		.loc 1 49 3 view .LVU14
  50:Src/gpio.c    ****   __HAL_RCC_GPIOA_CLK_ENABLE();
  82              		.loc 1 50 3 view .LVU15
  83              	.LBB4:
  84              		.loc 1 50 3 view .LVU16
  85              		.loc 1 50 3 view .LVU17
  86 0036 9A69     		ldr	r2, [r3, #24]
  87 0038 42F00402 		orr	r2, r2, #4
  88 003c 9A61     		str	r2, [r3, #24]
  89              		.loc 1 50 3 view .LVU18
  90 003e 9A69     		ldr	r2, [r3, #24]
  91 0040 02F00402 		and	r2, r2, #4
  92 0044 0292     		str	r2, [sp, #8]
  93              		.loc 1 50 3 view .LVU19
  94 0046 029A     		ldr	r2, [sp, #8]
  95              	.LBE4:
  96              		.loc 1 50 3 view .LVU20
  51:Src/gpio.c    ****   __HAL_RCC_GPIOB_CLK_ENABLE();
  97              		.loc 1 51 3 view .LVU21
  98              	.LBB5:
  99              		.loc 1 51 3 view .LVU22
 100              		.loc 1 51 3 view .LVU23
 101 0048 9A69     		ldr	r2, [r3, #24]
 102 004a 42F00802 		orr	r2, r2, #8
 103 004e 9A61     		str	r2, [r3, #24]
 104              		.loc 1 51 3 view .LVU24
 105 0050 9B69     		ldr	r3, [r3, #24]
 106 0052 03F00803 		and	r3, r3, #8
 107 0056 0393     		str	r3, [sp, #12]
 108              		.loc 1 51 3 view .LVU25
 109 0058 039B     		ldr	r3, [sp, #12]
 110              	.LBE5:
 111              		.loc 1 51 3 view .LVU26
  52:Src/gpio.c    **** 
  53:Src/gpio.c    ****   /*Configure GPIO pin Output Level */
  54:Src/gpio.c    ****   HAL_GPIO_WritePin(LED1_GPIO_Port, LED1_Pin, GPIO_PIN_SET);
 112              		.loc 1 54 3 view .LVU27
 113 005a DFF85090 		ldr	r9, .L3+4
 114 005e 0122     		movs	r2, #1
 115 0060 2021     		movs	r1, #32
 116 0062 4846     		mov	r0, r9
 117 0064 FFF7FEFF 		bl	HAL_GPIO_WritePin
 118              	.LVL0:
ARM GAS  /tmp/ccZFU8RD.s 			page 4


  55:Src/gpio.c    **** 
  56:Src/gpio.c    ****   /*Configure GPIO pin Output Level */
  57:Src/gpio.c    ****   HAL_GPIO_WritePin(LED0_GPIO_Port, LED0_Pin, GPIO_PIN_SET);
 119              		.loc 1 57 3 view .LVU28
 120 0068 114D     		ldr	r5, .L3+8
 121 006a 0122     		movs	r2, #1
 122 006c 2021     		movs	r1, #32
 123 006e 2846     		mov	r0, r5
 124 0070 FFF7FEFF 		bl	HAL_GPIO_WritePin
 125              	.LVL1:
  58:Src/gpio.c    **** 
  59:Src/gpio.c    ****   /*Configure GPIO pin : PtPin */
  60:Src/gpio.c    ****   GPIO_InitStruct.Pin = LED1_Pin;
 126              		.loc 1 60 3 view .LVU29
 127              		.loc 1 60 23 is_stmt 0 view .LVU30
 128 0074 4FF02008 		mov	r8, #32
 129 0078 CDF81080 		str	r8, [sp, #16]
  61:Src/gpio.c    ****   GPIO_InitStruct.Mode = GPIO_MODE_OUTPUT_PP;
 130              		.loc 1 61 3 is_stmt 1 view .LVU31
 131              		.loc 1 61 24 is_stmt 0 view .LVU32
 132 007c 0127     		movs	r7, #1
 133 007e 0597     		str	r7, [sp, #20]
  62:Src/gpio.c    ****   GPIO_InitStruct.Pull = GPIO_NOPULL;
 134              		.loc 1 62 3 is_stmt 1 view .LVU33
 135              		.loc 1 62 24 is_stmt 0 view .LVU34
 136 0080 0694     		str	r4, [sp, #24]
  63:Src/gpio.c    ****   GPIO_InitStruct.Speed = GPIO_SPEED_FREQ_LOW;
 137              		.loc 1 63 3 is_stmt 1 view .LVU35
 138              		.loc 1 63 25 is_stmt 0 view .LVU36
 139 0082 0226     		movs	r6, #2
 140 0084 0796     		str	r6, [sp, #28]
  64:Src/gpio.c    ****   HAL_GPIO_Init(LED1_GPIO_Port, &GPIO_InitStruct);
 141              		.loc 1 64 3 is_stmt 1 view .LVU37
 142 0086 04A9     		add	r1, sp, #16
 143 0088 4846     		mov	r0, r9
 144 008a FFF7FEFF 		bl	HAL_GPIO_Init
 145              	.LVL2:
  65:Src/gpio.c    **** 
  66:Src/gpio.c    ****   /*Configure GPIO pin : PtPin */
  67:Src/gpio.c    ****   GPIO_InitStruct.Pin = LED0_Pin;
 146              		.loc 1 67 3 view .LVU38
 147              		.loc 1 67 23 is_stmt 0 view .LVU39
 148 008e CDF81080 		str	r8, [sp, #16]
  68:Src/gpio.c    ****   GPIO_InitStruct.Mode = GPIO_MODE_OUTPUT_PP;
 149              		.loc 1 68 3 is_stmt 1 view .LVU40
 150              		.loc 1 68 24 is_stmt 0 view .LVU41
 151 0092 0597     		str	r7, [sp, #20]
  69:Src/gpio.c    ****   GPIO_InitStruct.Pull = GPIO_NOPULL;
 152              		.loc 1 69 3 is_stmt 1 view .LVU42
 153              		.loc 1 69 24 is_stmt 0 view .LVU43
 154 0094 0694     		str	r4, [sp, #24]
  70:Src/gpio.c    ****   GPIO_InitStruct.Speed = GPIO_SPEED_FREQ_LOW;
 155              		.loc 1 70 3 is_stmt 1 view .LVU44
 156              		.loc 1 70 25 is_stmt 0 view .LVU45
 157 0096 0796     		str	r6, [sp, #28]
  71:Src/gpio.c    ****   HAL_GPIO_Init(LED0_GPIO_Port, &GPIO_InitStruct);
 158              		.loc 1 71 3 is_stmt 1 view .LVU46
ARM GAS  /tmp/ccZFU8RD.s 			page 5


 159 0098 04A9     		add	r1, sp, #16
 160 009a 2846     		mov	r0, r5
 161 009c FFF7FEFF 		bl	HAL_GPIO_Init
 162              	.LVL3:
  72:Src/gpio.c    **** 
  73:Src/gpio.c    **** }
 163              		.loc 1 73 1 is_stmt 0 view .LVU47
 164 00a0 09B0     		add	sp, sp, #36
 165              	.LCFI2:
 166              		.cfi_def_cfa_offset 28
 167              		@ sp needed
 168 00a2 BDE8F083 		pop	{r4, r5, r6, r7, r8, r9, pc}
 169              	.L4:
 170 00a6 00BF     		.align	2
 171              	.L3:
 172 00a8 00100240 		.word	1073876992
 173 00ac 00180140 		.word	1073813504
 174 00b0 000C0140 		.word	1073810432
 175              		.cfi_endproc
 176              	.LFE65:
 178              		.text
 179              	.Letext0:
 180              		.file 2 "/usr/lib/gcc/arm-none-eabi/10.3.1/include/stdint.h"
 181              		.file 3 "Drivers/CMSIS/Device/ST/STM32F1xx/Include/stm32f103xe.h"
 182              		.file 4 "Drivers/STM32F1xx_HAL_Driver/Inc/stm32f1xx_hal_gpio.h"
ARM GAS  /tmp/ccZFU8RD.s 			page 6


DEFINED SYMBOLS
                            *ABS*:0000000000000000 gpio.c
     /tmp/ccZFU8RD.s:16     .text.MX_GPIO_Init:0000000000000000 $t
     /tmp/ccZFU8RD.s:24     .text.MX_GPIO_Init:0000000000000000 MX_GPIO_Init
     /tmp/ccZFU8RD.s:172    .text.MX_GPIO_Init:00000000000000a8 $d

UNDEFINED SYMBOLS
HAL_GPIO_WritePin
HAL_GPIO_Init
