ARM GAS  /tmp/ccUejXXE.s 			page 1


   1              		.cpu cortex-m3
   2              		.eabi_attribute 20, 1
   3              		.eabi_attribute 21, 1
   4              		.eabi_attribute 23, 3
   5              		.eabi_attribute 24, 1
   6              		.eabi_attribute 25, 1
   7              		.eabi_attribute 26, 1
   8              		.eabi_attribute 30, 1
   9              		.eabi_attribute 34, 1
  10              		.eabi_attribute 18, 4
  11              		.file	"stm32f1xx_hal_msp.c"
  12              		.text
  13              	.Ltext0:
  14              		.cfi_sections	.debug_frame
  15              		.section	.text.HAL_MspInit,"ax",%progbits
  16              		.align	1
  17              		.global	HAL_MspInit
  18              		.arch armv7-m
  19              		.syntax unified
  20              		.thumb
  21              		.thumb_func
  22              		.fpu softvfp
  24              	HAL_MspInit:
  25              	.LFB65:
  26              		.file 1 "Src/stm32f1xx_hal_msp.c"
   1:Src/stm32f1xx_hal_msp.c **** /* USER CODE BEGIN Header */
   2:Src/stm32f1xx_hal_msp.c **** /**
   3:Src/stm32f1xx_hal_msp.c ****   ******************************************************************************
   4:Src/stm32f1xx_hal_msp.c ****   * @file         stm32f1xx_hal_msp.c
   5:Src/stm32f1xx_hal_msp.c ****   * @brief        This file provides code for the MSP Initialization
   6:Src/stm32f1xx_hal_msp.c ****   *               and de-Initialization codes.
   7:Src/stm32f1xx_hal_msp.c ****   ******************************************************************************
   8:Src/stm32f1xx_hal_msp.c ****   * @attention
   9:Src/stm32f1xx_hal_msp.c ****   *
  10:Src/stm32f1xx_hal_msp.c ****   * Copyright (c) 2023 STMicroelectronics.
  11:Src/stm32f1xx_hal_msp.c ****   * All rights reserved.
  12:Src/stm32f1xx_hal_msp.c ****   *
  13:Src/stm32f1xx_hal_msp.c ****   * This software is licensed under terms that can be found in the LICENSE file
  14:Src/stm32f1xx_hal_msp.c ****   * in the root directory of this software component.
  15:Src/stm32f1xx_hal_msp.c ****   * If no LICENSE file comes with this software, it is provided AS-IS.
  16:Src/stm32f1xx_hal_msp.c ****   *
  17:Src/stm32f1xx_hal_msp.c ****   ******************************************************************************
  18:Src/stm32f1xx_hal_msp.c ****   */
  19:Src/stm32f1xx_hal_msp.c **** /* USER CODE END Header */
  20:Src/stm32f1xx_hal_msp.c **** 
  21:Src/stm32f1xx_hal_msp.c **** /* Includes ------------------------------------------------------------------*/
  22:Src/stm32f1xx_hal_msp.c **** #include "main.h"
  23:Src/stm32f1xx_hal_msp.c **** /* USER CODE BEGIN Includes */
  24:Src/stm32f1xx_hal_msp.c **** 
  25:Src/stm32f1xx_hal_msp.c **** /* USER CODE END Includes */
  26:Src/stm32f1xx_hal_msp.c **** 
  27:Src/stm32f1xx_hal_msp.c **** /* Private typedef -----------------------------------------------------------*/
  28:Src/stm32f1xx_hal_msp.c **** /* USER CODE BEGIN TD */
  29:Src/stm32f1xx_hal_msp.c **** 
  30:Src/stm32f1xx_hal_msp.c **** /* USER CODE END TD */
  31:Src/stm32f1xx_hal_msp.c **** 
  32:Src/stm32f1xx_hal_msp.c **** /* Private define ------------------------------------------------------------*/
ARM GAS  /tmp/ccUejXXE.s 			page 2


  33:Src/stm32f1xx_hal_msp.c **** /* USER CODE BEGIN Define */
  34:Src/stm32f1xx_hal_msp.c **** 
  35:Src/stm32f1xx_hal_msp.c **** /* USER CODE END Define */
  36:Src/stm32f1xx_hal_msp.c **** 
  37:Src/stm32f1xx_hal_msp.c **** /* Private macro -------------------------------------------------------------*/
  38:Src/stm32f1xx_hal_msp.c **** /* USER CODE BEGIN Macro */
  39:Src/stm32f1xx_hal_msp.c **** 
  40:Src/stm32f1xx_hal_msp.c **** /* USER CODE END Macro */
  41:Src/stm32f1xx_hal_msp.c **** 
  42:Src/stm32f1xx_hal_msp.c **** /* Private variables ---------------------------------------------------------*/
  43:Src/stm32f1xx_hal_msp.c **** /* USER CODE BEGIN PV */
  44:Src/stm32f1xx_hal_msp.c **** 
  45:Src/stm32f1xx_hal_msp.c **** /* USER CODE END PV */
  46:Src/stm32f1xx_hal_msp.c **** 
  47:Src/stm32f1xx_hal_msp.c **** /* Private function prototypes -----------------------------------------------*/
  48:Src/stm32f1xx_hal_msp.c **** /* USER CODE BEGIN PFP */
  49:Src/stm32f1xx_hal_msp.c **** 
  50:Src/stm32f1xx_hal_msp.c **** /* USER CODE END PFP */
  51:Src/stm32f1xx_hal_msp.c **** 
  52:Src/stm32f1xx_hal_msp.c **** /* External functions --------------------------------------------------------*/
  53:Src/stm32f1xx_hal_msp.c **** /* USER CODE BEGIN ExternalFunctions */
  54:Src/stm32f1xx_hal_msp.c **** 
  55:Src/stm32f1xx_hal_msp.c **** /* USER CODE END ExternalFunctions */
  56:Src/stm32f1xx_hal_msp.c **** 
  57:Src/stm32f1xx_hal_msp.c **** /* USER CODE BEGIN 0 */
  58:Src/stm32f1xx_hal_msp.c **** 
  59:Src/stm32f1xx_hal_msp.c **** /* USER CODE END 0 */
  60:Src/stm32f1xx_hal_msp.c **** /**
  61:Src/stm32f1xx_hal_msp.c ****   * Initializes the Global MSP.
  62:Src/stm32f1xx_hal_msp.c ****   */
  63:Src/stm32f1xx_hal_msp.c **** void HAL_MspInit(void)
  64:Src/stm32f1xx_hal_msp.c **** {
  27              		.loc 1 64 1 view -0
  28              		.cfi_startproc
  29              		@ args = 0, pretend = 0, frame = 8
  30              		@ frame_needed = 0, uses_anonymous_args = 0
  31 0000 00B5     		push	{lr}
  32              	.LCFI0:
  33              		.cfi_def_cfa_offset 4
  34              		.cfi_offset 14, -4
  35 0002 83B0     		sub	sp, sp, #12
  36              	.LCFI1:
  37              		.cfi_def_cfa_offset 16
  65:Src/stm32f1xx_hal_msp.c ****   /* USER CODE BEGIN MspInit 0 */
  66:Src/stm32f1xx_hal_msp.c **** 
  67:Src/stm32f1xx_hal_msp.c ****   /* USER CODE END MspInit 0 */
  68:Src/stm32f1xx_hal_msp.c **** 
  69:Src/stm32f1xx_hal_msp.c ****   __HAL_RCC_AFIO_CLK_ENABLE();
  38              		.loc 1 69 3 view .LVU1
  39              	.LBB2:
  40              		.loc 1 69 3 view .LVU2
  41              		.loc 1 69 3 view .LVU3
  42 0004 0F4B     		ldr	r3, .L3
  43 0006 9A69     		ldr	r2, [r3, #24]
  44 0008 42F00102 		orr	r2, r2, #1
  45 000c 9A61     		str	r2, [r3, #24]
  46              		.loc 1 69 3 view .LVU4
ARM GAS  /tmp/ccUejXXE.s 			page 3


  47 000e 9A69     		ldr	r2, [r3, #24]
  48 0010 02F00102 		and	r2, r2, #1
  49 0014 0092     		str	r2, [sp]
  50              		.loc 1 69 3 view .LVU5
  51 0016 009A     		ldr	r2, [sp]
  52              	.LBE2:
  53              		.loc 1 69 3 view .LVU6
  70:Src/stm32f1xx_hal_msp.c ****   __HAL_RCC_PWR_CLK_ENABLE();
  54              		.loc 1 70 3 view .LVU7
  55              	.LBB3:
  56              		.loc 1 70 3 view .LVU8
  57              		.loc 1 70 3 view .LVU9
  58 0018 DA69     		ldr	r2, [r3, #28]
  59 001a 42F08052 		orr	r2, r2, #268435456
  60 001e DA61     		str	r2, [r3, #28]
  61              		.loc 1 70 3 view .LVU10
  62 0020 DB69     		ldr	r3, [r3, #28]
  63 0022 03F08053 		and	r3, r3, #268435456
  64 0026 0193     		str	r3, [sp, #4]
  65              		.loc 1 70 3 view .LVU11
  66 0028 019B     		ldr	r3, [sp, #4]
  67              	.LBE3:
  68              		.loc 1 70 3 view .LVU12
  71:Src/stm32f1xx_hal_msp.c **** 
  72:Src/stm32f1xx_hal_msp.c ****   HAL_NVIC_SetPriorityGrouping(NVIC_PRIORITYGROUP_2);
  69              		.loc 1 72 3 view .LVU13
  70 002a 0520     		movs	r0, #5
  71 002c FFF7FEFF 		bl	HAL_NVIC_SetPriorityGrouping
  72              	.LVL0:
  73:Src/stm32f1xx_hal_msp.c **** 
  74:Src/stm32f1xx_hal_msp.c ****   /* System interrupt init*/
  75:Src/stm32f1xx_hal_msp.c **** 
  76:Src/stm32f1xx_hal_msp.c ****   /** NOJTAG: JTAG-DP Disabled and SW-DP Enabled
  77:Src/stm32f1xx_hal_msp.c ****   */
  78:Src/stm32f1xx_hal_msp.c ****   __HAL_AFIO_REMAP_SWJ_NOJTAG();
  73              		.loc 1 78 3 view .LVU14
  74              	.LBB4:
  75              		.loc 1 78 3 view .LVU15
  76 0030 054A     		ldr	r2, .L3+4
  77 0032 5368     		ldr	r3, [r2, #4]
  78              	.LVL1:
  79              		.loc 1 78 3 view .LVU16
  80 0034 23F0E063 		bic	r3, r3, #117440512
  81              	.LVL2:
  82              		.loc 1 78 3 view .LVU17
  83 0038 43F00073 		orr	r3, r3, #33554432
  84              	.LVL3:
  85              		.loc 1 78 3 view .LVU18
  86 003c 5360     		str	r3, [r2, #4]
  87              	.LBE4:
  88              		.loc 1 78 3 view .LVU19
  79:Src/stm32f1xx_hal_msp.c **** 
  80:Src/stm32f1xx_hal_msp.c ****   /* USER CODE BEGIN MspInit 1 */
  81:Src/stm32f1xx_hal_msp.c **** 
  82:Src/stm32f1xx_hal_msp.c ****   /* USER CODE END MspInit 1 */
  83:Src/stm32f1xx_hal_msp.c **** }
  89              		.loc 1 83 1 is_stmt 0 view .LVU20
ARM GAS  /tmp/ccUejXXE.s 			page 4


  90 003e 03B0     		add	sp, sp, #12
  91              	.LCFI2:
  92              		.cfi_def_cfa_offset 4
  93              		@ sp needed
  94 0040 5DF804FB 		ldr	pc, [sp], #4
  95              	.L4:
  96              		.align	2
  97              	.L3:
  98 0044 00100240 		.word	1073876992
  99 0048 00000140 		.word	1073807360
 100              		.cfi_endproc
 101              	.LFE65:
 103              		.text
 104              	.Letext0:
 105              		.file 2 "Drivers/CMSIS/Device/ST/STM32F1xx/Include/stm32f103xe.h"
 106              		.file 3 "/usr/lib/gcc/arm-none-eabi/10.3.1/include/stdint.h"
 107              		.file 4 "Drivers/STM32F1xx_HAL_Driver/Inc/stm32f1xx_hal_cortex.h"
ARM GAS  /tmp/ccUejXXE.s 			page 5


DEFINED SYMBOLS
                            *ABS*:0000000000000000 stm32f1xx_hal_msp.c
     /tmp/ccUejXXE.s:16     .text.HAL_MspInit:0000000000000000 $t
     /tmp/ccUejXXE.s:24     .text.HAL_MspInit:0000000000000000 HAL_MspInit
     /tmp/ccUejXXE.s:98     .text.HAL_MspInit:0000000000000044 $d

UNDEFINED SYMBOLS
HAL_NVIC_SetPriorityGrouping
